<?xml version="1.0" encoding="UTF-8"?>
<testng-results ignored="0" total="1" passed="1" failed="0" skipped="0">
  <reporter-output>
  </reporter-output>
  <suite started-at="2021-05-19T13:02:24 IST" name="Default suite" finished-at="2021-05-19T13:02:41 IST" duration-ms="17236">
    <groups>
    </groups>
    <test started-at="2021-05-19T13:02:24 IST" name="Default test" finished-at="2021-05-19T13:02:41 IST" duration-ms="17236">
      <class name="TestCases.TestCase2">
        <test-method is-config="true" signature="getbrowser()[pri:0, instance:TestCases.TestCase2@6d2a209c]" started-at="2021-05-19T13:02:24 IST" name="getbrowser" finished-at="2021-05-19T13:02:35 IST" duration-ms="10610" status="PASS">
          <reporter-output>
          </reporter-output>
        </test-method> <!-- getbrowser -->
        <test-method signature="guruTEstcase1()[pri:0, instance:TestCases.TestCase2@6d2a209c]" started-at="2021-05-19T13:02:35 IST" name="guruTEstcase1" finished-at="2021-05-19T13:02:41 IST" duration-ms="6415" status="PASS">
          <reporter-output>
          </reporter-output>
        </test-method> <!-- guruTEstcase1 -->
        <test-method is-config="true" signature="closebrowser()[pri:0, instance:TestCases.TestCase2@6d2a209c]" started-at="2021-05-19T13:02:41 IST" name="closebrowser" finished-at="2021-05-19T13:02:41 IST" duration-ms="159" status="PASS">
          <reporter-output>
          </reporter-output>
        </test-method> <!-- closebrowser -->
      </class> <!-- TestCases.TestCase2 -->
    </test> <!-- Default test -->
  </suite> <!-- Default suite -->
</testng-results>
