<?xml version="1.0" encoding="UTF-8"?>
<testng-results ignored="0" total="1" passed="1" failed="0" skipped="0">
  <reporter-output>
  </reporter-output>
  <suite started-at="2021-05-19T17:03:13 IST" name="Default suite" finished-at="2021-05-19T17:03:32 IST" duration-ms="19161">
    <groups>
    </groups>
    <test started-at="2021-05-19T17:03:13 IST" name="Default test" finished-at="2021-05-19T17:03:32 IST" duration-ms="19161">
      <class name="TestCases.TestCase3">
        <test-method is-config="true" signature="getbrowser()[pri:0, instance:TestCases.TestCase3@6d2a209c]" started-at="2021-05-19T17:03:13 IST" name="getbrowser" finished-at="2021-05-19T17:03:23 IST" duration-ms="9439" status="PASS">
          <reporter-output>
          </reporter-output>
        </test-method> <!-- getbrowser -->
        <test-method signature="guruTEstcase1()[pri:0, instance:TestCases.TestCase3@6d2a209c]" started-at="2021-05-19T17:03:23 IST" name="guruTEstcase1" finished-at="2021-05-19T17:03:32 IST" duration-ms="9562" status="PASS">
          <reporter-output>
          </reporter-output>
        </test-method> <!-- guruTEstcase1 -->
        <test-method is-config="true" signature="closebrowser()[pri:0, instance:TestCases.TestCase3@6d2a209c]" started-at="2021-05-19T17:03:32 IST" name="closebrowser" finished-at="2021-05-19T17:03:32 IST" duration-ms="112" status="PASS">
          <reporter-output>
          </reporter-output>
        </test-method> <!-- closebrowser -->
      </class> <!-- TestCases.TestCase3 -->
    </test> <!-- Default test -->
  </suite> <!-- Default suite -->
</testng-results>
